[2014-04-15 14:45:18] START
[2014-04-15 14:49:01] EDIT Policy_server/views/default/index.html: -28
[2014-04-15 14:53:15] CREATE default/main_page.html: 0
[2014-04-15 14:53:37] EDIT Policy_server/views/default/main_page.html: -1
[2014-04-15 14:53:37] EDIT Policy_server/views/default/main_page.html: 0
[2014-04-15 14:59:34] CREATE default/page.html: 0
[2014-04-15 14:59:47] EDIT Policy_server/views/default/page.html: -1
[2014-04-15 14:59:56] EDIT Policy_server/controllers/default.py: -17
[2014-04-15 14:59:57] EDIT Policy_server/controllers/default.py: 0
[2014-04-15 14:59:57] EDIT Policy_server/controllers/default.py: 0
[2014-04-15 15:00:19] EDIT Policy_server/views/default/index.html: 0
[2014-04-15 15:00:19] EDIT Policy_server/views/default/index.html: 0
[2014-04-15 15:00:19] EDIT Policy_server/views/default/index.html: 0
[2014-04-15 15:00:21] EDIT Policy_server/controllers/default.py: 0
[2014-04-15 15:00:23] EDIT Policy_server/views/default/page.html: 0
[2014-04-15 15:08:38] EDIT Policy_server/controllers/default.py: 16
[2014-04-15 15:08:45] EDIT Policy_server/views/default/page.html: 0
[2014-04-15 15:08:45] EDIT Policy_server/views/default/page.html: 0
[2014-04-15 15:08:48] EDIT Policy_server/views/default/index.html: 0
[2014-04-15 15:08:50] EDIT Policy_server/controllers/default.py: 0
[2014-04-15 15:13:23] EDIT Policy_server/controllers/default.py: 4
[2014-04-15 15:15:07] EDIT Policy_server/controllers/default.py: 0
[2014-04-15 15:15:07] EDIT Policy_server/controllers/default.py: 0
[2014-04-15 15:15:26] EDIT Policy_server/controllers/default.py: 1
[2014-04-15 15:15:26] EDIT Policy_server/controllers/default.py: 0
[2014-04-15 15:29:03] EDIT Policy_server/views/default/page.html: 8
[2014-04-15 15:29:03] EDIT Policy_server/views/default/page.html: 0
[2014-04-15 15:29:30] EDIT Policy_server/views/default/page.html: 0
[2014-04-15 15:29:31] EDIT Policy_server/views/default/page.html: 0
[2014-04-15 15:33:00] EDIT Policy_server/views/default/page.html: 0
[2014-04-15 15:33:01] EDIT Policy_server/views/default/page.html: 0
[2014-04-15 15:41:23] EDIT Policy_server/views/default/page.html: 3
[2014-04-15 15:41:24] EDIT Policy_server/views/default/page.html: 0
[2014-04-15 15:55:00] EDIT Policy_server/views/default/page.html: 11
[2014-04-15 15:55:01] EDIT Policy_server/views/default/page.html: 0
[2014-04-15 15:57:17] EDIT Policy_server/views/default/page.html: 3
[2014-04-15 15:57:18] EDIT Policy_server/views/default/page.html: 0
[2014-04-15 15:57:18] EDIT Policy_server/views/default/page.html: 0
[2014-04-15 15:57:37] EDIT Policy_server/views/default/page.html: 0
[2014-04-15 15:58:00] EDIT Policy_server/views/default/page.html: 0
[2014-04-15 15:58:00] EDIT Policy_server/views/default/page.html: 0
[2014-04-15 15:58:00] EDIT Policy_server/views/default/page.html: 0
[2014-04-15 15:58:01] EDIT Policy_server/views/default/page.html: 0
[2014-04-15 15:58:01] EDIT Policy_server/views/default/page.html: 0
[2014-04-15 15:58:01] EDIT Policy_server/views/default/page.html: 0
[2014-04-15 15:58:01] EDIT Policy_server/views/default/page.html: 0
[2014-04-15 15:58:07] EDIT Policy_server/views/default/page.html: 0
[2014-04-15 15:58:07] EDIT Policy_server/views/default/page.html: 0
[2014-04-15 15:58:07] EDIT Policy_server/views/default/page.html: 0
[2014-04-15 15:58:17] EDIT Policy_server/views/default/page.html: 0
[2014-04-15 15:58:47] EDIT Policy_server/views/default/page.html: 1
[2014-04-15 15:58:47] EDIT Policy_server/views/default/page.html: 0
[2014-04-15 15:58:47] EDIT Policy_server/views/default/page.html: 0
[2014-04-15 15:59:01] EDIT Policy_server/views/default/page.html: 0
[2014-04-15 15:59:01] EDIT Policy_server/views/default/page.html: 0
[2014-04-15 16:00:12] EDIT Policy_server/views/default/page.html: 0
[2014-04-15 16:00:13] EDIT Policy_server/views/default/page.html: 0
[2014-04-15 16:00:13] EDIT Policy_server/views/default/page.html: 0
[2014-04-15 16:00:13] EDIT Policy_server/views/default/page.html: 0
[2014-04-15 16:00:13] EDIT Policy_server/views/default/page.html: 0
[2014-04-15 16:00:33] EDIT Policy_server/views/default/page.html: 0
[2014-04-15 16:00:34] EDIT Policy_server/views/default/page.html: 0
[2014-04-15 16:00:34] EDIT Policy_server/views/default/page.html: 0
[2014-04-15 16:00:47] EDIT Policy_server/controllers/default.py: 0
[2014-04-15 16:00:53] EDIT Policy_server/views/default/index.html: 0
[2014-04-15 16:04:33] EDIT Policy_server/views/default/page.html: 1
[2014-04-15 16:12:25] EDIT Policy_server/views/default/page.html: 9
[2014-04-15 16:12:25] EDIT Policy_server/views/default/page.html: 0
[2014-04-15 16:12:48] EDIT Policy_server/views/default/page.html: -4
[2014-04-15 16:12:48] EDIT Policy_server/views/default/page.html: 0
[2014-04-15 16:13:29] EDIT Policy_server/views/default/page.html: 1
[2014-04-15 16:13:29] EDIT Policy_server/views/default/page.html: 0
[2014-04-15 16:16:27] EDIT Policy_server/views/default/page.html: 4
[2014-04-15 16:16:27] EDIT Policy_server/views/default/page.html: 0
[2014-04-15 16:17:13] EDIT Policy_server/views/default/page.html: 1
[2014-04-15 16:17:14] EDIT Policy_server/views/default/page.html: 0
[2014-04-15 16:17:14] EDIT Policy_server/views/default/page.html: 0
[2014-04-15 16:18:29] EDIT Policy_server/views/default/page.html: 2
[2014-04-15 16:18:29] EDIT Policy_server/views/default/page.html: 0
[2014-04-15 16:26:56] EDIT Policy_server/views/default/page.html: 0
[2014-04-15 16:26:56] EDIT Policy_server/views/default/page.html: 0
[2014-04-15 16:31:09] EDIT Policy_server/views/default/page.html: -8
[2014-04-15 16:31:10] EDIT Policy_server/views/default/page.html: 0
[2014-04-15 16:31:19] EDIT Policy_server/views/default/page.html: 0
[2014-04-15 16:32:08] EDIT Policy_server/views/default/page.html: 0
[2014-04-15 16:32:16] EDIT Policy_server/views/default/page.html: 0
[2014-04-15 16:32:16] EDIT Policy_server/views/default/page.html: 0
[2014-04-15 16:33:23] EDIT Policy_server/views/default/page.html: 3
[2014-04-15 16:33:23] EDIT Policy_server/views/default/page.html: 0
[2014-04-15 16:43:49] EDIT Policy_server/views/default/page.html: 11
[2014-04-15 16:43:49] EDIT Policy_server/views/default/page.html: 0
[2014-04-15 16:44:35] EDIT Policy_server/controllers/default.py: 2
[2014-04-15 16:44:35] EDIT Policy_server/controllers/default.py: 0
[2014-04-15 16:44:35] EDIT Policy_server/controllers/default.py: 0
[2014-04-15 16:44:36] EDIT Policy_server/controllers/default.py: 0
[2014-04-15 16:44:36] EDIT Policy_server/controllers/default.py: 0
[2014-04-15 16:45:29] EDIT Policy_server/views/default/page.html: 0
[2014-04-15 16:45:30] EDIT Policy_server/views/default/page.html: 0
[2014-04-15 16:46:45] EDIT Policy_server/views/default/page.html: 0
[2014-04-15 16:46:45] EDIT Policy_server/views/default/page.html: 0
[2014-04-15 16:50:53] EDIT Policy_server/views/default/page.html: 0
[2014-04-15 16:50:53] EDIT Policy_server/views/default/page.html: 0
[2014-04-15 16:51:46] EDIT Policy_server/views/default/page.html: 0
[2014-04-15 16:51:47] EDIT Policy_server/views/default/page.html: 0
[2014-04-15 16:52:13] EDIT Policy_server/views/default/page.html: 0
[2014-04-15 16:52:13] EDIT Policy_server/views/default/page.html: 0
[2014-04-15 16:52:35] EDIT Policy_server/views/default/page.html: 0
[2014-04-15 16:53:17] EDIT Policy_server/views/default/page.html: 0
[2014-04-15 16:53:23] EDIT Policy_server/views/default/page.html: 0
[2014-04-15 16:53:55] EDIT Policy_server/views/default/page.html: 0
[2014-04-15 16:53:55] EDIT Policy_server/views/default/page.html: 0
[2014-04-15 16:53:55] EDIT Policy_server/views/default/page.html: 0
[2014-04-15 16:54:00] EDIT Policy_server/views/default/page.html: 0
[2014-04-15 16:54:00] EDIT Policy_server/views/default/page.html: 0
[2014-04-15 16:54:18] EDIT Policy_server/views/default/page.html: 0
[2014-04-15 16:54:32] EDIT Policy_server/views/default/page.html: 0
[2014-04-15 16:54:33] EDIT Policy_server/views/default/page.html: 0
[2014-04-15 16:55:29] EDIT Policy_server/views/default/page.html: 0
[2014-04-15 16:55:40] EDIT Policy_server/views/default/page.html: 0
[2014-04-15 16:56:17] EDIT Policy_server/views/default/page.html: 0
[2014-04-15 16:56:17] EDIT Policy_server/views/default/page.html: 0
[2014-04-15 16:56:33] EDIT Policy_server/views/default/page.html: 1
[2014-04-15 16:56:33] EDIT Policy_server/views/default/page.html: 0
[2014-04-15 16:57:02] EDIT Policy_server/views/default/page.html: 0
[2014-04-15 16:57:02] EDIT Policy_server/views/default/page.html: 0
[2014-04-15 16:58:38] EDIT Policy_server/views/default/page.html: 2
[2014-04-15 16:58:39] EDIT Policy_server/views/default/page.html: 0
[2014-04-15 16:59:14] EDIT Policy_server/views/default/page.html: 0
[2014-04-15 16:59:15] EDIT Policy_server/views/default/page.html: 0
[2014-04-15 16:59:51] EDIT Policy_server/views/default/page.html: 0
[2014-04-15 17:00:39] EDIT Policy_server/views/default/page.html: 0
[2014-04-15 17:00:55] EDIT Policy_server/views/default/page.html: 0
[2014-04-15 17:54:50] EDIT Policy_server/views/default/page.html: 11
[2014-04-15 17:55:18] EDIT Policy_server/views/default/page.html: 0
[2014-04-15 18:45:52] EDIT Policy_server/views/default/page.html: 0
[2014-04-15 19:08:50] EDIT Policy_server/views/default/page.html: 3
[2014-04-15 19:35:34] EDIT Policy_server/views/default/page.html: 1
[2014-04-15 19:35:34] EDIT Policy_server/views/default/page.html: 0
[2014-04-15 19:36:26] EDIT Policy_server/views/default/page.html: 0
[2014-04-15 19:36:26] EDIT Policy_server/views/default/page.html: 0
[2014-04-15 21:41:46] EDIT Policy_server/views/default/page.html: 6
[2014-04-15 21:44:55] EDIT Policy_server/views/default/page.html: 49
[2014-04-15 21:58:12] EDIT Policy_server/views/default/page.html: 22
[2014-04-15 21:58:12] EDIT Policy_server/views/default/page.html: 0
[2014-04-15 21:58:17] EDIT Policy_server/views/default/page.html: 0
[2014-04-15 21:58:17] EDIT Policy_server/views/default/page.html: 0
[2014-04-15 22:00:25] EDIT Policy_server/views/default/page.html: 0
[2014-04-15 22:00:26] EDIT Policy_server/views/default/page.html: 0
[2014-04-15 22:00:26] EDIT Policy_server/views/default/page.html: 0
[2014-04-15 22:01:39] EDIT Policy_server/views/default/page.html: 0
[2014-04-15 22:01:39] EDIT Policy_server/views/default/page.html: 0
[2014-04-15 22:02:33] EDIT Policy_server/views/default/page.html: 0
[2014-04-15 22:02:33] EDIT Policy_server/views/default/page.html: 0
[2014-04-15 22:04:36] EDIT Policy_server/views/default/page.html: 0
[2014-04-15 22:04:36] EDIT Policy_server/views/default/page.html: 0
[2014-04-15 22:06:54] EDIT Policy_server/views/default/page.html: 0
[2014-04-15 22:06:54] EDIT Policy_server/views/default/page.html: 0
[2014-04-15 22:08:10] EDIT Policy_server/views/default/page.html: 0
[2014-04-15 22:08:10] EDIT Policy_server/views/default/page.html: 0
[2014-04-15 22:08:11] EDIT Policy_server/views/default/page.html: 0
[2014-04-15 22:10:39] EDIT Policy_server/views/default/page.html: 0
[2014-04-15 22:10:39] EDIT Policy_server/views/default/page.html: 0
[2014-04-15 22:13:13] EDIT Policy_server/views/default/page.html: 2
[2014-04-15 22:13:13] EDIT Policy_server/views/default/page.html: 0
[2014-04-15 22:13:13] EDIT Policy_server/views/default/page.html: 0
[2014-04-15 22:13:14] EDIT Policy_server/views/default/page.html: 0
[2014-04-15 22:13:14] EDIT Policy_server/views/default/page.html: 0
[2014-04-15 22:14:09] EDIT Policy_server/views/default/page.html: 0
[2014-04-15 22:15:15] EDIT Policy_server/views/default/page.html: 0
[2014-04-15 22:15:54] EDIT Policy_server/views/default/page.html: 0
[2014-04-15 22:15:54] EDIT Policy_server/views/default/page.html: 0
[2014-04-15 22:32:03] EDIT Policy_server/views/default/page.html: -10
[2014-04-15 22:32:04] EDIT Policy_server/views/default/page.html: 0
[2014-04-15 22:32:49] EDIT Policy_server/views/default/page.html: 0
[2014-04-15 22:32:50] EDIT Policy_server/views/default/page.html: 0
[2014-04-15 22:34:43] EDIT Policy_server/views/default/page.html: 0
[2014-04-15 22:34:44] EDIT Policy_server/views/default/page.html: 0
[2014-04-15 22:35:39] EDIT Policy_server/views/default/page.html: 1
[2014-04-15 22:35:39] EDIT Policy_server/views/default/page.html: 0
[2014-04-15 22:35:42] EDIT Policy_server/views/default/page.html: 0
[2014-04-15 22:35:53] EDIT Policy_server/views/default/page.html: 0
[2014-04-15 22:35:53] EDIT Policy_server/views/default/page.html: 0
[2014-04-15 22:35:57] EDIT Policy_server/views/default/page.html: 0
[2014-04-15 22:36:24] EDIT Policy_server/views/default/page.html: 0
[2014-04-15 22:36:24] EDIT Policy_server/views/default/page.html: 0
[2014-04-15 22:37:18] EDIT Policy_server/views/default/page.html: 0
[2014-04-15 22:37:58] EDIT Policy_server/views/default/page.html: 0
[2014-04-15 22:37:58] EDIT Policy_server/views/default/page.html: 0
[2014-04-15 22:39:53] CREATE default/nextpage.html: 0
[2014-04-15 22:40:10] EDIT Policy_server/views/default/nextpage.html: -1
[2014-04-15 22:40:10] EDIT Policy_server/views/default/nextpage.html: 0
[2014-04-15 22:42:01] EDIT Policy_server/controllers/default.py: 3
[2014-04-15 22:42:01] EDIT Policy_server/controllers/default.py: 0
[2014-04-15 22:42:01] EDIT Policy_server/controllers/default.py: 0
[2014-04-15 22:42:01] EDIT Policy_server/controllers/default.py: 0
[2014-04-15 22:46:11] EDIT Policy_server/views/default/page.html: 0
[2014-04-15 22:46:11] EDIT Policy_server/views/default/page.html: 0
[2014-04-15 22:46:12] EDIT Policy_server/views/default/page.html: 0
[2014-04-15 22:46:12] EDIT Policy_server/views/default/page.html: 0
[2014-04-15 22:46:13] EDIT Policy_server/views/default/page.html: 0
[2014-04-15 22:46:13] EDIT Policy_server/views/default/page.html: 0
[2014-04-15 22:46:14] EDIT Policy_server/views/default/page.html: 0
[2014-04-15 22:46:14] EDIT Policy_server/views/default/page.html: 0
[2014-04-15 22:49:42] EDIT Policy_server/views/default/page.html: 0
[2014-04-15 22:49:43] EDIT Policy_server/views/default/page.html: 0
[2014-04-15 23:04:12] EDIT Policy_server/views/default/page.html: 0
[2014-04-15 23:21:15] EDIT Policy_server/controllers/default.py: 0
[2014-04-15 23:24:37] EDIT Policy_server/controllers/default.py: 4
[2014-04-15 23:24:55] EDIT Policy_server/controllers/default.py: 0
[2014-04-15 23:25:14] EDIT Policy_server/views/default/nextpage.html: 0
[2014-04-15 23:30:12] EDIT Policy_server/views/default/page.html: 0
[2014-04-15 23:30:12] EDIT Policy_server/views/default/page.html: 0
[2014-04-15 23:30:19] EDIT Policy_server/views/default/page.html: 0
[2014-04-15 23:30:20] EDIT Policy_server/views/default/page.html: 0
[2014-04-15 23:47:53] EDIT Policy_server/controllers/default.py: 23
[2014-04-15 23:47:53] EDIT Policy_server/controllers/default.py: 0
[2014-04-15 23:47:53] EDIT Policy_server/controllers/default.py: 0
[2014-04-15 23:47:54] EDIT Policy_server/controllers/default.py: 0
[2014-04-15 23:47:54] EDIT Policy_server/controllers/default.py: 0
[2014-04-15 23:48:05] EDIT Policy_server/controllers/default.py: 0
[2014-04-15 23:48:05] EDIT Policy_server/controllers/default.py: 0
[2014-04-15 23:48:26] EDIT Policy_server/views/default/nextpage.html: 0
[2014-04-16 00:04:26] EDIT Policy_server/controllers/default.py: 11
[2014-04-16 00:04:48] EDIT Policy_server/controllers/default.py: 0
[2014-04-16 00:04:48] EDIT Policy_server/controllers/default.py: 0
[2014-04-16 00:05:48] EDIT Policy_server/views/default/page.html: 0
[2014-04-16 00:05:48] EDIT Policy_server/views/default/page.html: 0
[2014-04-16 00:06:35] EDIT Policy_server/views/default/page.html: 0
[2014-04-16 00:06:35] EDIT Policy_server/views/default/page.html: 0
[2014-04-16 00:06:36] EDIT Policy_server/views/default/page.html: 0
[2014-04-16 00:06:36] EDIT Policy_server/views/default/page.html: 0
[2014-04-16 00:06:36] EDIT Policy_server/views/default/page.html: 0
[2014-04-16 00:06:43] EDIT Policy_server/views/default/page.html: 0
[2014-04-16 00:08:27] EDIT Policy_server/controllers/default.py: 0
[2014-04-16 00:13:03] EDIT Policy_server/controllers/default.py: 0
[2014-04-16 00:13:04] EDIT Policy_server/controllers/default.py: 0
[2014-04-16 00:30:26] EDIT Policy_server/controllers/default.py: 15
[2014-04-16 00:30:27] EDIT Policy_server/controllers/default.py: 0
[2014-04-16 00:31:54] EDIT Policy_server/controllers/default.py: 0
[2014-04-16 00:31:55] EDIT Policy_server/controllers/default.py: 0
[2014-04-16 00:32:00] EDIT Policy_server/controllers/default.py: 0
[2014-04-16 00:33:35] EDIT Policy_server/controllers/default.py: -2
[2014-04-16 00:33:36] EDIT Policy_server/controllers/default.py: 0
[2014-04-16 00:34:03] EDIT Policy_server/controllers/default.py: 1
[2014-04-16 00:34:24] EDIT Policy_server/views/default/page.html: -1
[2014-04-16 00:34:24] EDIT Policy_server/views/default/page.html: 0
[2014-04-16 00:36:12] EDIT Policy_server/controllers/default.py: 0
[2014-04-16 00:36:13] EDIT Policy_server/controllers/default.py: 0
[2014-04-16 00:37:28] EDIT Policy_server/controllers/default.py: 0
[2014-04-16 00:37:29] EDIT Policy_server/controllers/default.py: 0
[2014-04-16 00:40:20] EDIT Policy_server/controllers/default.py: 0
[2014-04-16 00:40:20] EDIT Policy_server/controllers/default.py: 0
[2014-04-16 00:40:39] EDIT Policy_server/controllers/default.py: 0
[2014-04-16 00:41:11] EDIT Policy_server/controllers/default.py: 0
[2014-04-16 00:42:45] EDIT Policy_server/controllers/default.py: 0
[2014-04-16 00:42:45] EDIT Policy_server/controllers/default.py: 0
[2014-04-16 00:43:25] EDIT Policy_server/controllers/default.py: 0
[2014-04-16 00:43:25] EDIT Policy_server/controllers/default.py: 0
[2014-04-16 00:51:03] EDIT Policy_server/views/default/page.html: 0
[2014-04-16 00:51:03] EDIT Policy_server/views/default/page.html: 0
[2014-04-16 00:57:33] EDIT Policy_server/controllers/default.py: -2
[2014-04-16 00:57:33] EDIT Policy_server/controllers/default.py: 0
[2014-04-16 00:58:12] EDIT Policy_server/controllers/default.py: 0
[2014-04-16 00:58:12] EDIT Policy_server/controllers/default.py: 0
[2014-04-16 01:01:00] EDIT Policy_server/controllers/default.py: 4
[2014-04-16 01:01:00] EDIT Policy_server/controllers/default.py: 0
[2014-04-16 01:01:07] EDIT Policy_server/controllers/default.py: 0
[2014-04-16 01:01:07] EDIT Policy_server/controllers/default.py: 0
[2014-04-16 01:10:17] EDIT Policy_server/controllers/default.py: 1
[2014-04-16 01:10:18] EDIT Policy_server/controllers/default.py: 0
[2014-04-16 01:10:46] EDIT Policy_server/controllers/default.py: 0
[2014-04-16 01:10:46] EDIT Policy_server/controllers/default.py: 0
[2014-04-16 01:12:01] EDIT Policy_server/controllers/default.py: 0
[2014-04-16 01:12:07] EDIT Policy_server/controllers/default.py: -1
[2014-04-16 01:42:50] EDIT Policy_server/controllers/default.py: 7
[2014-04-16 01:42:51] EDIT Policy_server/controllers/default.py: 0
[2014-04-16 01:42:58] EDIT Policy_server/controllers/default.py: 0
[2014-04-16 01:55:37] EDIT Policy_server/controllers/default.py: 1
[2014-04-16 01:55:38] EDIT Policy_server/controllers/default.py: 0
[2014-04-16 01:55:39] EDIT Policy_server/controllers/default.py: 0
[2014-04-16 01:55:44] EDIT Policy_server/controllers/default.py: 0
[2014-04-16 01:55:44] EDIT Policy_server/controllers/default.py: 0
[2014-04-16 01:56:51] EDIT Policy_server/controllers/default.py: 2
[2014-04-16 01:56:52] EDIT Policy_server/controllers/default.py: 0
[2014-04-16 01:57:49] EDIT Policy_server/controllers/default.py: 0
[2014-04-16 01:57:49] EDIT Policy_server/controllers/default.py: 0
[2014-04-16 01:58:45] EDIT Policy_server/controllers/default.py: 3
[2014-04-16 01:58:46] EDIT Policy_server/controllers/default.py: 0
[2014-04-16 01:59:57] EDIT Policy_server/controllers/default.py: 0
[2014-04-16 01:59:58] EDIT Policy_server/controllers/default.py: 0
[2014-04-16 02:03:01] CREATE default/json_html.html: 0
[2014-04-16 02:03:28] EDIT Policy_server/views/default/json_html.html: 2
[2014-04-16 02:03:28] EDIT Policy_server/views/default/json_html.html: 0
[2014-04-16 02:04:17] EDIT Policy_server/controllers/default.py: 13
[2014-04-16 02:04:18] EDIT Policy_server/controllers/default.py: 0
[2014-04-16 02:04:18] EDIT Policy_server/controllers/default.py: 0
[2014-04-16 02:04:21] EDIT Policy_server/views/default/json_html.html: 0
[2014-04-16 02:04:21] EDIT Policy_server/views/default/json_html.html: 0
[2014-04-16 02:04:21] EDIT Policy_server/views/default/json_html.html: 0
[2014-04-16 02:04:25] EDIT Policy_server/views/default/nextpage.html: 0
[2014-04-16 02:04:27] EDIT Policy_server/views/default/page.html: 0
[2014-04-16 02:04:27] EDIT Policy_server/views/default/page.html: 0
[2014-04-16 02:06:00] EDIT Policy_server/views/default/page.html: 0
[2014-04-16 02:06:01] EDIT Policy_server/views/default/page.html: 0
[2014-04-16 11:54:25] EDIT Policy_server/controllers/default.py: 1
[2014-04-16 11:54:26] EDIT Policy_server/controllers/default.py: 0
[2014-04-16 11:55:45] EDIT Policy_server/controllers/default.py: 1
[2014-04-16 12:03:25] EDIT Policy_server/controllers/default.py: 0
[2014-04-16 12:07:56] EDIT Policy_server/views/default/json_html.html: -4
[2014-04-16 12:08:13] EDIT Policy_server/views/default/json_html.html: 4
[2014-04-16 15:18:37] EDIT Policy_server/controllers/default.py: 7
[2014-04-16 15:18:49] EDIT Policy_server/controllers/default.py: 0
[2014-04-16 15:18:49] EDIT Policy_server/controllers/default.py: 0
[2014-04-16 15:19:09] EDIT Policy_server/views/default/nextpage.html: 0
[2014-04-16 15:19:10] EDIT Policy_server/views/default/nextpage.html: 0
[2014-04-16 15:20:55] EDIT Policy_server/controllers/default.py: 1
[2014-04-16 15:21:44] EDIT Policy_server/controllers/default.py: 0
[2014-04-16 15:27:35] EDIT Policy_server/controllers/default.py: 3
[2014-04-16 15:27:36] EDIT Policy_server/controllers/default.py: 0
[2014-04-16 15:37:20] EDIT Policy_server/views/default/nextpage.html: 12
[2014-04-16 15:37:21] EDIT Policy_server/views/default/nextpage.html: 0
[2014-04-16 15:37:21] EDIT Policy_server/views/default/nextpage.html: 0
[2014-04-16 15:37:21] EDIT Policy_server/views/default/nextpage.html: 0
[2014-04-16 15:38:09] EDIT Policy_server/views/default/nextpage.html: 0
[2014-04-16 15:43:30] EDIT Policy_server/views/default/index.html: 0
[2014-04-16 15:46:52] EDIT Policy_server/views/default/index.html: 0
